[2018-06-01 13:36:12][INFO ][main][org.springframework.boot.StartupInfoLogger.logStarting:48]:Starting App on localhost with PID 9625 (/Users/caizhifa/java/workspaceCollection/intellij_workspace/lucene-learning/my-search-engine/target/classes started by caizhifa in /Users/caizhifa/java/workspaceCollection/intellij_workspace/lucene-learning/my-search-engine)
[2018-06-01 13:36:12][INFO ][main][org.springframework.boot.SpringApplication.logStartupProfileInfo:593]:No active profile set, falling back to default profiles: default
[2018-06-01 13:36:16][INFO ][main][org.springframework.boot.StartupInfoLogger.logStarted:57]:Started App in 4.66 seconds (JVM running for 5.548)
[2018-06-01 13:37:45][INFO ][main][org.springframework.boot.StartupInfoLogger.logStarting:48]:Starting App on localhost with PID 9741 (/Users/caizhifa/java/workspaceCollection/intellij_workspace/lucene-learning/my-search-engine/target/classes started by caizhifa in /Users/caizhifa/java/workspaceCollection/intellij_workspace/lucene-learning/my-search-engine)
[2018-06-01 13:37:45][INFO ][main][org.springframework.boot.SpringApplication.logStartupProfileInfo:593]:No active profile set, falling back to default profiles: default
[2018-06-01 13:37:49][INFO ][main][org.springframework.boot.StartupInfoLogger.logStarted:57]:Started App in 4.586 seconds (JVM running for 5.603)
[2018-06-01 13:38:37][INFO ][http-nio-8080-exec-6][org.fage.mysearchengine.config.WebLogAspectConfiguration.doBefore:47]:客户机IP地址————> 127.0.0.1
[2018-06-01 13:38:37][INFO ][http-nio-8080-exec-6][org.fage.mysearchengine.config.WebLogAspectConfiguration.doBefore:48]:客户机请求URL————> http://127.0.0.1:8080/search/doSearch
[2018-06-01 13:38:37][INFO ][http-nio-8080-exec-6][org.fage.mysearchengine.config.WebLogAspectConfiguration.doBefore:50]:客户机请求方法————> org.fage.mysearchengine.web.controller.SearchController.generalSearch
[2018-06-01 13:38:37][INFO ][http-nio-8080-exec-6][org.fage.mysearchengine.config.WebLogAspectConfiguration.doBefore:51]:客户机请求参数————> [ModelAndView: materialized View is [null]; model is null, aaaaaaaaa, 1, 10]
[2018-06-01 13:38:38][INFO ][http-nio-8080-exec-6][org.fage.mysearchengine.config.WebLogAspectConfiguration.doAfterReturning:62]:服务器处理花费时间————> 224ms
[2018-06-01 13:49:44][INFO ][main][org.springframework.boot.StartupInfoLogger.logStarting:48]:Starting ArticleIndexerTest on localhost with PID 10405 (started by caizhifa in /Users/caizhifa/java/workspaceCollection/intellij_workspace/lucene-learning/my-search-engine)
[2018-06-01 13:49:44][INFO ][main][org.springframework.boot.SpringApplication.logStartupProfileInfo:593]:No active profile set, falling back to default profiles: default
[2018-06-01 13:49:50][INFO ][main][org.springframework.boot.StartupInfoLogger.logStarted:57]:Started ArticleIndexerTest in 6.552 seconds (JVM running for 8.59)
[2018-06-01 13:49:51][INFO ][main][org.fage.mysearchengine.ArticleIndexerTest.testArticleSearcherFindByGeneralStr:267]:[Article(id=null, blogUrl=https://blog.csdn.net/crazyhacking/article/details/8169702, title=<em>java</em>学习攻略<em>java</em>学习攻略<em>java</em>学习攻略<em>java</em>, type=null, time=Thu May 31 10:00:00 CST 2018, praise=null, readNumber=null, tags=null, categories=null, content=最近需要速成<em>java</em>，制定一个学习计划。1基本语法一篇博文搞定：http://blog.csdn.net/crazyhacking/article/details/81446222多线程3网络通信socket编程nonblocksocket4设计模式不会的可以查阅jdk手册先从<em>java</em>的基础学起吧, user=null)]
[2018-06-01 13:49:51][INFO ][main][org.fage.mysearchengine.ArticleIndexerTest.testArticleSearcherFindByGeneralStr:269]:检索花费时间（毫秒）：580
[2018-06-01 13:50:49][INFO ][main][org.springframework.boot.StartupInfoLogger.logStarting:48]:Starting ArticleIndexerTest on localhost with PID 10478 (started by caizhifa in /Users/caizhifa/java/workspaceCollection/intellij_workspace/lucene-learning/my-search-engine)
[2018-06-01 13:50:49][INFO ][main][org.springframework.boot.SpringApplication.logStartupProfileInfo:593]:No active profile set, falling back to default profiles: default
[2018-06-01 13:50:56][INFO ][main][org.springframework.boot.StartupInfoLogger.logStarted:57]:Started ArticleIndexerTest in 6.947 seconds (JVM running for 8.798)
[2018-06-01 13:50:56][INFO ][main][org.fage.mysearchengine.ArticleIndexerTest.testArticleSearcherFindByGeneralStr:267]:[Article(id=null, blogUrl=https://blog.csdn.net/crazyhacking/article/details/8169702, title=<em>java</em>学习攻略<em>java</em>学习攻略<em>java</em>学习攻略<em>java</em>, type=null, time=Thu May 31 10:00:00 CST 2018, praise=null, readNumber=null, tags=null, categories=null, content=最近需要速成<em>java</em>，制定一个学习计划。1基本语法一篇博文搞定：http://blog.csdn.net/crazyhacking/article/details/81446222多线程3网络通信socket编程nonblocksocket4设计模式不会的可以查阅jdk手册先从<em>java</em>的基础学起吧, user=null)]
[2018-06-01 13:50:56][INFO ][main][org.fage.mysearchengine.ArticleIndexerTest.testArticleSearcherFindByGeneralStr:269]:检索花费时间（毫秒）：551
[2018-06-01 13:51:27][INFO ][main][org.springframework.boot.StartupInfoLogger.logStarting:48]:Starting ArticleIndexerTest on localhost with PID 10525 (started by caizhifa in /Users/caizhifa/java/workspaceCollection/intellij_workspace/lucene-learning/my-search-engine)
[2018-06-01 13:51:27][INFO ][main][org.springframework.boot.SpringApplication.logStartupProfileInfo:593]:No active profile set, falling back to default profiles: default
[2018-06-01 13:51:34][INFO ][main][org.springframework.boot.StartupInfoLogger.logStarted:57]:Started ArticleIndexerTest in 7.24 seconds (JVM running for 9.316)
[2018-06-01 13:51:35][INFO ][main][org.fage.mysearchengine.ArticleIndexerTest.testArticleSearcherFindByGeneralStr:267]:[]
[2018-06-01 13:51:35][INFO ][main][org.fage.mysearchengine.ArticleIndexerTest.testArticleSearcherFindByGeneralStr:269]:检索花费时间（毫秒）：643
[2018-06-01 13:52:23][INFO ][main][org.springframework.boot.StartupInfoLogger.logStarting:48]:Starting ArticleIndexerTest on localhost with PID 10590 (started by caizhifa in /Users/caizhifa/java/workspaceCollection/intellij_workspace/lucene-learning/my-search-engine)
[2018-06-01 13:52:23][INFO ][main][org.springframework.boot.SpringApplication.logStartupProfileInfo:593]:No active profile set, falling back to default profiles: default
[2018-06-01 13:52:31][INFO ][main][org.springframework.boot.StartupInfoLogger.logStarted:57]:Started ArticleIndexerTest in 8.689 seconds (JVM running for 10.812)
[2018-06-01 13:52:32][INFO ][main][org.fage.mysearchengine.ArticleIndexerTest.testArticleSearcherFindByGeneralStr:267]:[]
[2018-06-01 13:52:32][INFO ][main][org.fage.mysearchengine.ArticleIndexerTest.testArticleSearcherFindByGeneralStr:269]:检索花费时间（毫秒）：823
[2018-06-01 13:52:59][INFO ][main][org.springframework.boot.StartupInfoLogger.logStarting:48]:Starting ArticleIndexerTest on localhost with PID 10635 (started by caizhifa in /Users/caizhifa/java/workspaceCollection/intellij_workspace/lucene-learning/my-search-engine)
[2018-06-01 13:52:59][INFO ][main][org.springframework.boot.SpringApplication.logStartupProfileInfo:593]:No active profile set, falling back to default profiles: default
[2018-06-01 13:53:05][INFO ][main][org.springframework.boot.StartupInfoLogger.logStarted:57]:Started ArticleIndexerTest in 6.52 seconds (JVM running for 8.375)
[2018-06-01 13:53:28][INFO ][main][org.springframework.boot.StartupInfoLogger.logStarting:48]:Starting ArticleIndexerTest on localhost with PID 10677 (started by caizhifa in /Users/caizhifa/java/workspaceCollection/intellij_workspace/lucene-learning/my-search-engine)
[2018-06-01 13:53:28][INFO ][main][org.springframework.boot.SpringApplication.logStartupProfileInfo:593]:No active profile set, falling back to default profiles: default
[2018-06-01 13:53:36][INFO ][main][org.springframework.boot.StartupInfoLogger.logStarting:48]:Starting ArticleIndexerTest on localhost with PID 10688 (started by caizhifa in /Users/caizhifa/java/workspaceCollection/intellij_workspace/lucene-learning/my-search-engine)
[2018-06-01 13:53:36][INFO ][main][org.springframework.boot.SpringApplication.logStartupProfileInfo:593]:No active profile set, falling back to default profiles: default
[2018-06-01 13:53:42][INFO ][main][org.springframework.boot.StartupInfoLogger.logStarted:57]:Started ArticleIndexerTest in 7.142 seconds (JVM running for 9.223)
[2018-06-01 13:53:43][INFO ][main][org.fage.mysearchengine.ArticleIndexerTest.testArticleSearcherFindByGeneralStr:267]:[Article(id=null, blogUrl=https://blog.csdn.net/crazyhacking/article/details/8169702, title=null, type=null, time=Fri Jun 01 05:00:00 CST 2018, praise=null, readNumber=null, tags=null, categories=null, content=null, user=null)]
[2018-06-01 13:53:43][INFO ][main][org.fage.mysearchengine.ArticleIndexerTest.testArticleSearcherFindByGeneralStr:269]:检索花费时间（毫秒）：561
